<?xml version="1.0" encoding="UTF-8"?>
<!-- Generated by org.testng.reporters.JUnitXMLReporter -->
<testsuite ignored="0" hostname="DESKTOP-HDLOFBK" failures="0" tests="1" name="Test-0" time="11.594" errors="0" timestamp="2022-12-02T11:28:00 IST">
  <testcase classname="Test.Testbrowser" name="TestCheck" time="11.476"/>
</testsuite> <!-- Test-0 -->
