<?xml version="1.0" encoding="UTF-8"?>
<!-- Generated by org.testng.reporters.JUnitXMLReporter -->
<testsuite ignored="0" hostname="DESKTOP-HDLOFBK" failures="0" tests="1" name="Test-2" time="15.739" errors="0" timestamp="2022-12-02T11:20:13 IST">
  <testcase classname="Test.Testbrowser" name="TestCheck" time="15.635"/>
</testsuite> <!-- Test-2 -->
