<?xml version="1.0" encoding="UTF-8"?>
<!-- Generated by org.testng.reporters.JUnitXMLReporter -->
<testsuite ignored="0" hostname="DESKTOP-HDLOFBK" failures="0" tests="1" name="Test-1" time="18.829" errors="0" timestamp="2022-12-02T11:28:07 IST">
  <testcase classname="Test.Testbrowser" name="TestCheck" time="18.738"/>
</testsuite> <!-- Test-1 -->
