<?xml version="1.0" encoding="UTF-8"?>
<!-- Generated by org.testng.reporters.JUnitReportReporter -->
<testsuite hostname="DESKTOP-HDLOFBK" failures="0" tests="2" name="Test.Testbrowser2" time="30.372" errors="0" timestamp="2022-12-02T11:28:25 IST" skipped="0">
  <testcase classname="Test.Testbrowser2" name="TestCheck" time="17.853"/>
  <system-out/>
  <testcase classname="Test.Testbrowser2" name="TestCheck" time="12.519"/>
  <system-out/>
</testsuite> <!-- Test.Testbrowser2 -->
