<?xml version="1.0" encoding="UTF-8"?>
<!-- Generated by org.testng.reporters.JUnitReportReporter -->
<testsuite hostname="DESKTOP-HDLOFBK" failures="0" tests="2" name="Test.Testbrowser" time="30.214" errors="0" timestamp="2022-12-02T11:28:25 IST" skipped="0">
  <testcase classname="Test.Testbrowser" name="TestCheck" time="11.476"/>
  <system-out/>
  <testcase classname="Test.Testbrowser" name="TestCheck" time="18.738"/>
  <system-out/>
</testsuite> <!-- Test.Testbrowser -->
